CRITICAL - 2023-08-22 11:23:59 --> Invalid file: "error.php"
in SYSTEMPATH\Exceptions\FrameworkException.php on line 33.
 1 SYSTEMPATH\View\View.php(212): CodeIgniter\Exceptions\FrameworkException::forInvalidFile('error.php')
 2 SYSTEMPATH\Common.php(1180): CodeIgniter\View\View->render('error', [], true)
 3 APPPATH\Controllers\Auth.php(50): view('error')
 4 SYSTEMPATH\CodeIgniter.php(932): App\Controllers\Auth->authentifier()
 5 SYSTEMPATH\CodeIgniter.php(497): CodeIgniter\CodeIgniter->runController(Object(App\Controllers\Auth))
 6 SYSTEMPATH\CodeIgniter.php(366): CodeIgniter\CodeIgniter->handleRequest(null, Object(Config\Cache), false)
 7 FCPATH\index.php(67): CodeIgniter\CodeIgniter->run()
CRITICAL - 2023-08-22 11:24:37 --> Invalid file: "error.php"
in SYSTEMPATH\Exceptions\FrameworkException.php on line 33.
 1 SYSTEMPATH\View\View.php(212): CodeIgniter\Exceptions\FrameworkException::forInvalidFile('error.php')
 2 SYSTEMPATH\Common.php(1180): CodeIgniter\View\View->render('error', [], true)
 3 APPPATH\Controllers\Auth.php(50): view('error')
 4 SYSTEMPATH\CodeIgniter.php(932): App\Controllers\Auth->authentifier()
 5 SYSTEMPATH\CodeIgniter.php(497): CodeIgniter\CodeIgniter->runController(Object(App\Controllers\Auth))
 6 SYSTEMPATH\CodeIgniter.php(366): CodeIgniter\CodeIgniter->handleRequest(null, Object(Config\Cache), false)
 7 FCPATH\index.php(67): CodeIgniter\CodeIgniter->run()
INFO - 2023-08-22 11:31:07 --> Session: Class initialized using 'CodeIgniter\Session\Handlers\FileHandler' driver.
INFO - 2023-08-22 11:31:07 --> Session: Class initialized using 'CodeIgniter\Session\Handlers\FileHandler' driver.
INFO - 2023-08-22 11:31:47 --> Session: Class initialized using 'CodeIgniter\Session\Handlers\FileHandler' driver.
INFO - 2023-08-22 11:31:49 --> Session: Class initialized using 'CodeIgniter\Session\Handlers\FileHandler' driver.
INFO - 2023-08-22 11:32:23 --> Session: Class initialized using 'CodeIgniter\Session\Handlers\FileHandler' driver.
INFO - 2023-08-22 11:32:23 --> Session: Class initialized using 'CodeIgniter\Session\Handlers\FileHandler' driver.
INFO - 2023-08-22 11:33:18 --> Session: Class initialized using 'CodeIgniter\Session\Handlers\FileHandler' driver.
INFO - 2023-08-22 11:33:18 --> Session: Class initialized using 'CodeIgniter\Session\Handlers\FileHandler' driver.
INFO - 2023-08-22 11:33:23 --> Session: Class initialized using 'CodeIgniter\Session\Handlers\FileHandler' driver.
INFO - 2023-08-22 11:34:33 --> Session: Class initialized using 'CodeIgniter\Session\Handlers\FileHandler' driver.
INFO - 2023-08-22 11:34:33 --> Session: Class initialized using 'CodeIgniter\Session\Handlers\FileHandler' driver.
INFO - 2023-08-22 11:34:47 --> Session: Class initialized using 'CodeIgniter\Session\Handlers\FileHandler' driver.
ERROR - 2023-08-22 11:36:05 --> mysqli_sql_exception: Cannot add or update a child row: a foreign key constraint fails (`gestion_cabinet_medicale`.`rendez_vous`, CONSTRAINT `rendez_vous_ibfk_2` FOREIGN KEY (`cin_patient`) REFERENCES `patient` (`cin_patient`) ON DELETE CASCADE ON UPDATE CASCADE) in C:\xampp\htdocs\gestion_cabinet_medicale\system\Database\MySQLi\Connection.php:295
Stack trace:
#0 C:\xampp\htdocs\gestion_cabinet_medicale\system\Database\MySQLi\Connection.php(295): mysqli->query('INSERT INTO `re...', 0)
#1 C:\xampp\htdocs\gestion_cabinet_medicale\system\Database\BaseConnection.php(692): CodeIgniter\Database\MySQLi\Connection->execute('INSERT INTO `re...')
#2 C:\xampp\htdocs\gestion_cabinet_medicale\system\Database\BaseConnection.php(606): CodeIgniter\Database\BaseConnection->simpleQuery('INSERT INTO `re...')
#3 C:\xampp\htdocs\gestion_cabinet_medicale\system\Database\BaseBuilder.php(2309): CodeIgniter\Database\BaseConnection->query('INSERT INTO `re...', Array, false)
#4 C:\xampp\htdocs\gestion_cabinet_medicale\system\Model.php(330): CodeIgniter\Database\BaseBuilder->insert()
#5 C:\xampp\htdocs\gestion_cabinet_medicale\system\BaseModel.php(782): CodeIgniter\Model->doInsert(Array)
#6 C:\xampp\htdocs\gestion_cabinet_medicale\system\Model.php(730): CodeIgniter\BaseModel->insert(Array, false)
#7 C:\xampp\htdocs\gestion_cabinet_medicale\system\BaseModel.php(692): CodeIgniter\Model->insert(Array, false)
#8 C:\xampp\htdocs\gestion_cabinet_medicale\app\Controllers\ControlleurRv.php(38): CodeIgniter\BaseModel->save(Array)
#9 C:\xampp\htdocs\gestion_cabinet_medicale\system\CodeIgniter.php(932): App\Controllers\ControlleurRv->enregistrer()
#10 C:\xampp\htdocs\gestion_cabinet_medicale\system\CodeIgniter.php(497): CodeIgniter\CodeIgniter->runController(Object(App\Controllers\ControlleurRv))
#11 C:\xampp\htdocs\gestion_cabinet_medicale\system\CodeIgniter.php(366): CodeIgniter\CodeIgniter->handleRequest(NULL, Object(Config\Cache), false)
#12 C:\xampp\htdocs\gestion_cabinet_medicale\public\index.php(67): CodeIgniter\CodeIgniter->run()
#13 {main}
CRITICAL - 2023-08-22 11:36:05 --> Cannot add or update a child row: a foreign key constraint fails (`gestion_cabinet_medicale`.`rendez_vous`, CONSTRAINT `rendez_vous_ibfk_2` FOREIGN KEY (`cin_patient`) REFERENCES `patient` (`cin_patient`) ON DELETE CASCADE ON UPDATE CASCADE)
in SYSTEMPATH\Database\MySQLi\Connection.php on line 295.
 1 SYSTEMPATH\Database\MySQLi\Connection.php(295): mysqli->query('INSERT INTO `rendez_vous` (`date_rv`, `id_compte`, `cin_patient`) VALUES (\'2023-08-31\', \'19\', \'P35332\')', 0)
 2 SYSTEMPATH\Database\BaseConnection.php(692): CodeIgniter\Database\MySQLi\Connection->execute('INSERT INTO `rendez_vous` (`date_rv`, `id_compte`, `cin_patient`) VALUES (\'2023-08-31\', \'19\', \'P35332\')')
 3 SYSTEMPATH\Database\BaseConnection.php(606): CodeIgniter\Database\BaseConnection->simpleQuery('INSERT INTO `rendez_vous` (`date_rv`, `id_compte`, `cin_patient`) VALUES (\'2023-08-31\', \'19\', \'P35332\')')
 4 SYSTEMPATH\Database\BaseBuilder.php(2309): CodeIgniter\Database\BaseConnection->query('INSERT INTO `rendez_vous` (`date_rv`, `id_compte`, `cin_patient`) VALUES (:date_rv:, :id_compte:, :cin_patient:)', [...], false)
 5 SYSTEMPATH\Model.php(330): CodeIgniter\Database\BaseBuilder->insert()
 6 SYSTEMPATH\BaseModel.php(782): CodeIgniter\Model->doInsert([...])
 7 SYSTEMPATH\Model.php(730): CodeIgniter\BaseModel->insert([...], false)
 8 SYSTEMPATH\BaseModel.php(692): CodeIgniter\Model->insert([...], false)
 9 APPPATH\Controllers\ControlleurRv.php(38): CodeIgniter\BaseModel->save([...])
10 SYSTEMPATH\CodeIgniter.php(932): App\Controllers\ControlleurRv->enregistrer()
11 SYSTEMPATH\CodeIgniter.php(497): CodeIgniter\CodeIgniter->runController(Object(App\Controllers\ControlleurRv))
12 SYSTEMPATH\CodeIgniter.php(366): CodeIgniter\CodeIgniter->handleRequest(null, Object(Config\Cache), false)
13 FCPATH\index.php(67): CodeIgniter\CodeIgniter->run()
INFO - 2023-08-22 11:36:29 --> Session: Class initialized using 'CodeIgniter\Session\Handlers\FileHandler' driver.
INFO - 2023-08-22 11:36:39 --> Session: Class initialized using 'CodeIgniter\Session\Handlers\FileHandler' driver.
INFO - 2023-08-22 11:42:18 --> Session: Class initialized using 'CodeIgniter\Session\Handlers\FileHandler' driver.
INFO - 2023-08-22 11:42:31 --> Session: Class initialized using 'CodeIgniter\Session\Handlers\FileHandler' driver.
INFO - 2023-08-22 14:55:15 --> Session: Class initialized using 'CodeIgniter\Session\Handlers\FileHandler' driver.
INFO - 2023-08-22 14:56:43 --> Session: Class initialized using 'CodeIgniter\Session\Handlers\FileHandler' driver.
INFO - 2023-08-22 14:56:43 --> Session: Class initialized using 'CodeIgniter\Session\Handlers\FileHandler' driver.
CRITICAL - 2023-08-22 15:00:22 --> Trying to access array offset on value of type null
in APPPATH\Views\patient\modif.php on line 10.
 1 APPPATH\Views\patient\modif.php(10): CodeIgniter\Debug\Exceptions->errorHandler(2, 'Trying to access array offset on value of type null', 'C:\\xampp\\htdocs\\gestion_cabinet_medicale\\app\\Views\\patient\\modif.php', 10)
 2 SYSTEMPATH\View\View.php(224): include('C:\\xampp\\htdocs\\gestion_cabinet_medicale\\app\\Views\\patient\\modif.php')
 3 SYSTEMPATH\View\View.php(227): CodeIgniter\View\View->CodeIgniter\View\{closure}()
 4 SYSTEMPATH\Common.php(1180): CodeIgniter\View\View->render('patient/modif', [], true)
 5 APPPATH\Controllers\ControlleurPatient.php(42): view('patient/modif', [...])
 6 SYSTEMPATH\CodeIgniter.php(932): App\Controllers\ControlleurPatient->modifier('assets', 'css', 'bootstrap.min.css')
 7 SYSTEMPATH\CodeIgniter.php(497): CodeIgniter\CodeIgniter->runController(Object(App\Controllers\ControlleurPatient))
 8 SYSTEMPATH\CodeIgniter.php(366): CodeIgniter\CodeIgniter->handleRequest(null, Object(Config\Cache), false)
 9 FCPATH\index.php(67): CodeIgniter\CodeIgniter->run()
ERROR - 2023-08-22 15:00:37 --> mysqli_sql_exception: Cannot add or update a child row: a foreign key constraint fails (`gestion_cabinet_medicale`.`patient`, CONSTRAINT `patient_ibfk_1` FOREIGN KEY (`id_compte`) REFERENCES `compte` (`id_compte`)) in C:\xampp\htdocs\gestion_cabinet_medicale\system\Database\MySQLi\Connection.php:295
Stack trace:
#0 C:\xampp\htdocs\gestion_cabinet_medicale\system\Database\MySQLi\Connection.php(295): mysqli->query('UPDATE `patient...', 0)
#1 C:\xampp\htdocs\gestion_cabinet_medicale\system\Database\BaseConnection.php(692): CodeIgniter\Database\MySQLi\Connection->execute('UPDATE `patient...')
#2 C:\xampp\htdocs\gestion_cabinet_medicale\system\Database\BaseConnection.php(606): CodeIgniter\Database\BaseConnection->simpleQuery('UPDATE `patient...')
#3 C:\xampp\htdocs\gestion_cabinet_medicale\system\Database\BaseBuilder.php(2476): CodeIgniter\Database\BaseConnection->query('UPDATE `patient...', Array, false)
#4 C:\xampp\htdocs\gestion_cabinet_medicale\system\Model.php(396): CodeIgniter\Database\BaseBuilder->update()
#5 C:\xampp\htdocs\gestion_cabinet_medicale\system\BaseModel.php(943): CodeIgniter\Model->doUpdate(Array, Array)
#6 C:\xampp\htdocs\gestion_cabinet_medicale\system\Model.php(756): CodeIgniter\BaseModel->update(Array, Array)
#7 C:\xampp\htdocs\gestion_cabinet_medicale\app\Controllers\ControlleurPatient.php(56): CodeIgniter\Model->update('P13425', Array)
#8 C:\xampp\htdocs\gestion_cabinet_medicale\system\CodeIgniter.php(932): App\Controllers\ControlleurPatient->update('P13425')
#9 C:\xampp\htdocs\gestion_cabinet_medicale\system\CodeIgniter.php(497): CodeIgniter\CodeIgniter->runController(Object(App\Controllers\ControlleurPatient))
#10 C:\xampp\htdocs\gestion_cabinet_medicale\system\CodeIgniter.php(366): CodeIgniter\CodeIgniter->handleRequest(NULL, Object(Config\Cache), false)
#11 C:\xampp\htdocs\gestion_cabinet_medicale\public\index.php(67): CodeIgniter\CodeIgniter->run()
#12 {main}
CRITICAL - 2023-08-22 15:00:37 --> Cannot add or update a child row: a foreign key constraint fails (`gestion_cabinet_medicale`.`patient`, CONSTRAINT `patient_ibfk_1` FOREIGN KEY (`id_compte`) REFERENCES `compte` (`id_compte`))
in SYSTEMPATH\Database\MySQLi\Connection.php on line 295.
 1 SYSTEMPATH\Database\MySQLi\Connection.php(295): mysqli->query('UPDATE `patient` SET `nom` = NULL, `prenom` = NULL, `date_naissance` = \'2014-08-13\', `telephone` = \'654365434\', `adresse` = NULL, `id_compte` = NULL, `sexe` = \'1\'
WHERE `patient`.`cin_patient` IN (\'P13425\')', 0)
 2 SYSTEMPATH\Database\BaseConnection.php(692): CodeIgniter\Database\MySQLi\Connection->execute('UPDATE `patient` SET `nom` = NULL, `prenom` = NULL, `date_naissance` = \'2014-08-13\', `telephone` = \'654365434\', `adresse` = NULL, `id_compte` = NULL, `sexe` = \'1\'
WHERE `patient`.`cin_patient` IN (\'P13425\')')
 3 SYSTEMPATH\Database\BaseConnection.php(606): CodeIgniter\Database\BaseConnection->simpleQuery('UPDATE `patient` SET `nom` = NULL, `prenom` = NULL, `date_naissance` = \'2014-08-13\', `telephone` = \'654365434\', `adresse` = NULL, `id_compte` = NULL, `sexe` = \'1\'
WHERE `patient`.`cin_patient` IN (\'P13425\')')
 4 SYSTEMPATH\Database\BaseBuilder.php(2476): CodeIgniter\Database\BaseConnection->query('UPDATE `patient` SET `nom` = :nom:, `prenom` = :prenom:, `date_naissance` = :date_naissance:, `telephone` = :telephone:, `adresse` = :adresse:, `id_compte` = :id_compte:, `sexe` = :sexe:
WHERE `patient`.`cin_patient` IN :patient.cin_patient:', [...], false)
 5 SYSTEMPATH\Model.php(396): CodeIgniter\Database\BaseBuilder->update()
 6 SYSTEMPATH\BaseModel.php(943): CodeIgniter\Model->doUpdate([...], [...])
 7 SYSTEMPATH\Model.php(756): CodeIgniter\BaseModel->update([...], [...])
 8 APPPATH\Controllers\ControlleurPatient.php(56): CodeIgniter\Model->update('P13425', [...])
 9 SYSTEMPATH\CodeIgniter.php(932): App\Controllers\ControlleurPatient->update('P13425')
10 SYSTEMPATH\CodeIgniter.php(497): CodeIgniter\CodeIgniter->runController(Object(App\Controllers\ControlleurPatient))
11 SYSTEMPATH\CodeIgniter.php(366): CodeIgniter\CodeIgniter->handleRequest(null, Object(Config\Cache), false)
12 FCPATH\index.php(67): CodeIgniter\CodeIgniter->run()
CRITICAL - 2023-08-22 15:02:26 --> Trying to access array offset on value of type null
in APPPATH\Views\patient\modif.php on line 10.
 1 APPPATH\Views\patient\modif.php(10): CodeIgniter\Debug\Exceptions->errorHandler(2, 'Trying to access array offset on value of type null', 'C:\\xampp\\htdocs\\gestion_cabinet_medicale\\app\\Views\\patient\\modif.php', 10)
 2 SYSTEMPATH\View\View.php(224): include('C:\\xampp\\htdocs\\gestion_cabinet_medicale\\app\\Views\\patient\\modif.php')
 3 SYSTEMPATH\View\View.php(227): CodeIgniter\View\View->CodeIgniter\View\{closure}()
 4 SYSTEMPATH\Common.php(1180): CodeIgniter\View\View->render('patient/modif', [], true)
 5 APPPATH\Controllers\ControlleurPatient.php(42): view('patient/modif', [...])
 6 SYSTEMPATH\CodeIgniter.php(932): App\Controllers\ControlleurPatient->modifier('assets', 'css', 'bootstrap.min.css')
 7 SYSTEMPATH\CodeIgniter.php(497): CodeIgniter\CodeIgniter->runController(Object(App\Controllers\ControlleurPatient))
 8 SYSTEMPATH\CodeIgniter.php(366): CodeIgniter\CodeIgniter->handleRequest(null, Object(Config\Cache), false)
 9 FCPATH\index.php(67): CodeIgniter\CodeIgniter->run()
INFO - 2023-08-22 15:02:30 --> Session: Class initialized using 'CodeIgniter\Session\Handlers\FileHandler' driver.
INFO - 2023-08-22 15:02:36 --> Session: Class initialized using 'CodeIgniter\Session\Handlers\FileHandler' driver.
CRITICAL - 2023-08-22 15:02:45 --> Trying to access array offset on value of type null
in APPPATH\Views\patient\modif.php on line 10.
 1 APPPATH\Views\patient\modif.php(10): CodeIgniter\Debug\Exceptions->errorHandler(2, 'Trying to access array offset on value of type null', 'C:\\xampp\\htdocs\\gestion_cabinet_medicale\\app\\Views\\patient\\modif.php', 10)
 2 SYSTEMPATH\View\View.php(224): include('C:\\xampp\\htdocs\\gestion_cabinet_medicale\\app\\Views\\patient\\modif.php')
 3 SYSTEMPATH\View\View.php(227): CodeIgniter\View\View->CodeIgniter\View\{closure}()
 4 SYSTEMPATH\Common.php(1180): CodeIgniter\View\View->render('patient/modif', [], true)
 5 APPPATH\Controllers\ControlleurPatient.php(42): view('patient/modif', [...])
 6 SYSTEMPATH\CodeIgniter.php(932): App\Controllers\ControlleurPatient->modifier('assets', 'css', 'bootstrap.min.css')
 7 SYSTEMPATH\CodeIgniter.php(497): CodeIgniter\CodeIgniter->runController(Object(App\Controllers\ControlleurPatient))
 8 SYSTEMPATH\CodeIgniter.php(366): CodeIgniter\CodeIgniter->handleRequest(null, Object(Config\Cache), false)
 9 FCPATH\index.php(67): CodeIgniter\CodeIgniter->run()
INFO - 2023-08-22 15:02:59 --> Session: Class initialized using 'CodeIgniter\Session\Handlers\FileHandler' driver.
INFO - 2023-08-22 15:04:15 --> Session: Class initialized using 'CodeIgniter\Session\Handlers\FileHandler' driver.
INFO - 2023-08-22 15:05:38 --> Session: Class initialized using 'CodeIgniter\Session\Handlers\FileHandler' driver.
INFO - 2023-08-22 15:29:19 --> Session: Class initialized using 'CodeIgniter\Session\Handlers\FileHandler' driver.
INFO - 2023-08-22 15:29:25 --> Session: Class initialized using 'CodeIgniter\Session\Handlers\FileHandler' driver.
INFO - 2023-08-22 15:29:33 --> Session: Class initialized using 'CodeIgniter\Session\Handlers\FileHandler' driver.
INFO - 2023-08-22 15:33:53 --> Session: Class initialized using 'CodeIgniter\Session\Handlers\FileHandler' driver.
INFO - 2023-08-22 15:34:02 --> Session: Class initialized using 'CodeIgniter\Session\Handlers\FileHandler' driver.
INFO - 2023-08-22 15:36:52 --> Session: Class initialized using 'CodeIgniter\Session\Handlers\FileHandler' driver.
INFO - 2023-08-22 15:37:09 --> Session: Class initialized using 'CodeIgniter\Session\Handlers\FileHandler' driver.
INFO - 2023-08-22 15:40:35 --> Session: Class initialized using 'CodeIgniter\Session\Handlers\FileHandler' driver.
INFO - 2023-08-22 15:42:23 --> Session: Class initialized using 'CodeIgniter\Session\Handlers\FileHandler' driver.
INFO - 2023-08-22 16:07:37 --> Session: Class initialized using 'CodeIgniter\Session\Handlers\FileHandler' driver.
INFO - 2023-08-22 16:08:26 --> Session: Class initialized using 'CodeIgniter\Session\Handlers\FileHandler' driver.
CRITICAL - 2023-08-22 16:09:42 --> Invalid file: "error.php"
in SYSTEMPATH\Exceptions\FrameworkException.php on line 33.
 1 SYSTEMPATH\View\View.php(212): CodeIgniter\Exceptions\FrameworkException::forInvalidFile('error.php')
 2 SYSTEMPATH\Common.php(1180): CodeIgniter\View\View->render('error', [], true)
 3 APPPATH\Controllers\Auth.php(50): view('error')
 4 SYSTEMPATH\CodeIgniter.php(932): App\Controllers\Auth->authentifier()
 5 SYSTEMPATH\CodeIgniter.php(497): CodeIgniter\CodeIgniter->runController(Object(App\Controllers\Auth))
 6 SYSTEMPATH\CodeIgniter.php(366): CodeIgniter\CodeIgniter->handleRequest(null, Object(Config\Cache), false)
 7 FCPATH\index.php(67): CodeIgniter\CodeIgniter->run()
INFO - 2023-08-22 16:11:11 --> Session: Class initialized using 'CodeIgniter\Session\Handlers\FileHandler' driver.
INFO - 2023-08-22 16:11:17 --> Session: Class initialized using 'CodeIgniter\Session\Handlers\FileHandler' driver.
INFO - 2023-08-22 16:11:24 --> Session: Class initialized using 'CodeIgniter\Session\Handlers\FileHandler' driver.
INFO - 2023-08-22 16:11:29 --> Session: Class initialized using 'CodeIgniter\Session\Handlers\FileHandler' driver.
INFO - 2023-08-22 16:44:30 --> Session: Class initialized using 'CodeIgniter\Session\Handlers\FileHandler' driver.
INFO - 2023-08-22 16:44:32 --> Session: Class initialized using 'CodeIgniter\Session\Handlers\FileHandler' driver.
INFO - 2023-08-22 16:44:42 --> Session: Class initialized using 'CodeIgniter\Session\Handlers\FileHandler' driver.
INFO - 2023-08-22 17:00:30 --> Session: Class initialized using 'CodeIgniter\Session\Handlers\FileHandler' driver.
INFO - 2023-08-22 17:01:52 --> Session: Class initialized using 'CodeIgniter\Session\Handlers\FileHandler' driver.
INFO - 2023-08-22 17:01:52 --> Session: Class initialized using 'CodeIgniter\Session\Handlers\FileHandler' driver.
INFO - 2023-08-22 17:09:19 --> Session: Class initialized using 'CodeIgniter\Session\Handlers\FileHandler' driver.
INFO - 2023-08-22 17:09:19 --> Session: Class initialized using 'CodeIgniter\Session\Handlers\FileHandler' driver.
INFO - 2023-08-22 17:13:16 --> Session: Class initialized using 'CodeIgniter\Session\Handlers\FileHandler' driver.
INFO - 2023-08-22 17:13:16 --> Session: Class initialized using 'CodeIgniter\Session\Handlers\FileHandler' driver.
INFO - 2023-08-22 17:13:22 --> Session: Class initialized using 'CodeIgniter\Session\Handlers\FileHandler' driver.
INFO - 2023-08-22 17:17:13 --> Session: Class initialized using 'CodeIgniter\Session\Handlers\FileHandler' driver.
INFO - 2023-08-22 17:17:21 --> Session: Class initialized using 'CodeIgniter\Session\Handlers\FileHandler' driver.
INFO - 2023-08-22 17:25:26 --> Session: Class initialized using 'CodeIgniter\Session\Handlers\FileHandler' driver.
INFO - 2023-08-22 17:25:54 --> Session: Class initialized using 'CodeIgniter\Session\Handlers\FileHandler' driver.
INFO - 2023-08-22 17:25:54 --> Session: Class initialized using 'CodeIgniter\Session\Handlers\FileHandler' driver.
INFO - 2023-08-22 17:27:36 --> Session: Class initialized using 'CodeIgniter\Session\Handlers\FileHandler' driver.
CRITICAL - 2023-08-22 17:27:43 --> Trying to access array offset on value of type null
in APPPATH\Views\patient\modif.php on line 10.
 1 APPPATH\Views\patient\modif.php(10): CodeIgniter\Debug\Exceptions->errorHandler(2, 'Trying to access array offset on value of type null', 'C:\\xampp\\htdocs\\gestion_cabinet_medicale\\app\\Views\\patient\\modif.php', 10)
 2 SYSTEMPATH\View\View.php(224): include('C:\\xampp\\htdocs\\gestion_cabinet_medicale\\app\\Views\\patient\\modif.php')
 3 SYSTEMPATH\View\View.php(227): CodeIgniter\View\View->CodeIgniter\View\{closure}()
 4 SYSTEMPATH\Common.php(1180): CodeIgniter\View\View->render('patient/modif', [], true)
 5 APPPATH\Controllers\ControlleurPatient.php(43): view('patient/modif', [...])
 6 SYSTEMPATH\CodeIgniter.php(932): App\Controllers\ControlleurPatient->modifier('assets', 'css', 'bootstrap.min.css')
 7 SYSTEMPATH\CodeIgniter.php(497): CodeIgniter\CodeIgniter->runController(Object(App\Controllers\ControlleurPatient))
 8 SYSTEMPATH\CodeIgniter.php(366): CodeIgniter\CodeIgniter->handleRequest(null, Object(Config\Cache), false)
 9 FCPATH\index.php(67): CodeIgniter\CodeIgniter->run()
ERROR - 2023-08-22 17:27:50 --> mysqli_sql_exception: Cannot add or update a child row: a foreign key constraint fails (`gestion_cabinet_medicale`.`patient`, CONSTRAINT `patient_ibfk_1` FOREIGN KEY (`id_compte`) REFERENCES `compte` (`id_compte`)) in C:\xampp\htdocs\gestion_cabinet_medicale\system\Database\MySQLi\Connection.php:295
Stack trace:
#0 C:\xampp\htdocs\gestion_cabinet_medicale\system\Database\MySQLi\Connection.php(295): mysqli->query('UPDATE `patient...', 0)
#1 C:\xampp\htdocs\gestion_cabinet_medicale\system\Database\BaseConnection.php(692): CodeIgniter\Database\MySQLi\Connection->execute('UPDATE `patient...')
#2 C:\xampp\htdocs\gestion_cabinet_medicale\system\Database\BaseConnection.php(606): CodeIgniter\Database\BaseConnection->simpleQuery('UPDATE `patient...')
#3 C:\xampp\htdocs\gestion_cabinet_medicale\system\Database\BaseBuilder.php(2476): CodeIgniter\Database\BaseConnection->query('UPDATE `patient...', Array, false)
#4 C:\xampp\htdocs\gestion_cabinet_medicale\system\Model.php(396): CodeIgniter\Database\BaseBuilder->update()
#5 C:\xampp\htdocs\gestion_cabinet_medicale\system\BaseModel.php(943): CodeIgniter\Model->doUpdate(Array, Array)
#6 C:\xampp\htdocs\gestion_cabinet_medicale\system\Model.php(756): CodeIgniter\BaseModel->update(Array, Array)
#7 C:\xampp\htdocs\gestion_cabinet_medicale\app\Controllers\ControlleurPatient.php(57): CodeIgniter\Model->update('P13425', Array)
#8 C:\xampp\htdocs\gestion_cabinet_medicale\system\CodeIgniter.php(932): App\Controllers\ControlleurPatient->update('P13425')
#9 C:\xampp\htdocs\gestion_cabinet_medicale\system\CodeIgniter.php(497): CodeIgniter\CodeIgniter->runController(Object(App\Controllers\ControlleurPatient))
#10 C:\xampp\htdocs\gestion_cabinet_medicale\system\CodeIgniter.php(366): CodeIgniter\CodeIgniter->handleRequest(NULL, Object(Config\Cache), false)
#11 C:\xampp\htdocs\gestion_cabinet_medicale\public\index.php(67): CodeIgniter\CodeIgniter->run()
#12 {main}
CRITICAL - 2023-08-22 17:27:50 --> Cannot add or update a child row: a foreign key constraint fails (`gestion_cabinet_medicale`.`patient`, CONSTRAINT `patient_ibfk_1` FOREIGN KEY (`id_compte`) REFERENCES `compte` (`id_compte`))
in SYSTEMPATH\Database\MySQLi\Connection.php on line 295.
 1 SYSTEMPATH\Database\MySQLi\Connection.php(295): mysqli->query('UPDATE `patient` SET `nom` = NULL, `prenom` = NULL, `date_naissance` = \'2014-08-13\', `telephone` = \'654365434\', `adresse` = NULL, `id_compte` = NULL, `sexe` = \'1\'
WHERE `patient`.`cin_patient` IN (\'P13425\')', 0)
 2 SYSTEMPATH\Database\BaseConnection.php(692): CodeIgniter\Database\MySQLi\Connection->execute('UPDATE `patient` SET `nom` = NULL, `prenom` = NULL, `date_naissance` = \'2014-08-13\', `telephone` = \'654365434\', `adresse` = NULL, `id_compte` = NULL, `sexe` = \'1\'
WHERE `patient`.`cin_patient` IN (\'P13425\')')
 3 SYSTEMPATH\Database\BaseConnection.php(606): CodeIgniter\Database\BaseConnection->simpleQuery('UPDATE `patient` SET `nom` = NULL, `prenom` = NULL, `date_naissance` = \'2014-08-13\', `telephone` = \'654365434\', `adresse` = NULL, `id_compte` = NULL, `sexe` = \'1\'
WHERE `patient`.`cin_patient` IN (\'P13425\')')
 4 SYSTEMPATH\Database\BaseBuilder.php(2476): CodeIgniter\Database\BaseConnection->query('UPDATE `patient` SET `nom` = :nom:, `prenom` = :prenom:, `date_naissance` = :date_naissance:, `telephone` = :telephone:, `adresse` = :adresse:, `id_compte` = :id_compte:, `sexe` = :sexe:
WHERE `patient`.`cin_patient` IN :patient.cin_patient:', [...], false)
 5 SYSTEMPATH\Model.php(396): CodeIgniter\Database\BaseBuilder->update()
 6 SYSTEMPATH\BaseModel.php(943): CodeIgniter\Model->doUpdate([...], [...])
 7 SYSTEMPATH\Model.php(756): CodeIgniter\BaseModel->update([...], [...])
 8 APPPATH\Controllers\ControlleurPatient.php(57): CodeIgniter\Model->update('P13425', [...])
 9 SYSTEMPATH\CodeIgniter.php(932): App\Controllers\ControlleurPatient->update('P13425')
10 SYSTEMPATH\CodeIgniter.php(497): CodeIgniter\CodeIgniter->runController(Object(App\Controllers\ControlleurPatient))
11 SYSTEMPATH\CodeIgniter.php(366): CodeIgniter\CodeIgniter->handleRequest(null, Object(Config\Cache), false)
12 FCPATH\index.php(67): CodeIgniter\CodeIgniter->run()
CRITICAL - 2023-08-22 17:30:58 --> Trying to access array offset on value of type null
in APPPATH\Views\patient\modif.php on line 10.
 1 APPPATH\Views\patient\modif.php(10): CodeIgniter\Debug\Exceptions->errorHandler(2, 'Trying to access array offset on value of type null', 'C:\\xampp\\htdocs\\gestion_cabinet_medicale\\app\\Views\\patient\\modif.php', 10)
 2 SYSTEMPATH\View\View.php(224): include('C:\\xampp\\htdocs\\gestion_cabinet_medicale\\app\\Views\\patient\\modif.php')
 3 SYSTEMPATH\View\View.php(227): CodeIgniter\View\View->CodeIgniter\View\{closure}()
 4 SYSTEMPATH\Common.php(1180): CodeIgniter\View\View->render('patient/modif', [], true)
 5 APPPATH\Controllers\ControlleurPatient.php(43): view('patient/modif', [...])
 6 SYSTEMPATH\CodeIgniter.php(932): App\Controllers\ControlleurPatient->modifier('assets', 'css', 'bootstrap.min.css')
 7 SYSTEMPATH\CodeIgniter.php(497): CodeIgniter\CodeIgniter->runController(Object(App\Controllers\ControlleurPatient))
 8 SYSTEMPATH\CodeIgniter.php(366): CodeIgniter\CodeIgniter->handleRequest(null, Object(Config\Cache), false)
 9 FCPATH\index.php(67): CodeIgniter\CodeIgniter->run()
INFO - 2023-08-22 17:31:02 --> Session: Class initialized using 'CodeIgniter\Session\Handlers\FileHandler' driver.
INFO - 2023-08-22 17:31:03 --> Session: Class initialized using 'CodeIgniter\Session\Handlers\FileHandler' driver.
CRITICAL - 2023-08-22 17:31:18 --> Trying to access array offset on value of type null
in APPPATH\Views\patient\modif.php on line 10.
 1 APPPATH\Views\patient\modif.php(10): CodeIgniter\Debug\Exceptions->errorHandler(2, 'Trying to access array offset on value of type null', 'C:\\xampp\\htdocs\\gestion_cabinet_medicale\\app\\Views\\patient\\modif.php', 10)
 2 SYSTEMPATH\View\View.php(224): include('C:\\xampp\\htdocs\\gestion_cabinet_medicale\\app\\Views\\patient\\modif.php')
 3 SYSTEMPATH\View\View.php(227): CodeIgniter\View\View->CodeIgniter\View\{closure}()
 4 SYSTEMPATH\Common.php(1180): CodeIgniter\View\View->render('patient/modif', [], true)
 5 APPPATH\Controllers\ControlleurPatient.php(43): view('patient/modif', [...])
 6 SYSTEMPATH\CodeIgniter.php(932): App\Controllers\ControlleurPatient->modifier('assets', 'css', 'bootstrap.min.css')
 7 SYSTEMPATH\CodeIgniter.php(497): CodeIgniter\CodeIgniter->runController(Object(App\Controllers\ControlleurPatient))
 8 SYSTEMPATH\CodeIgniter.php(366): CodeIgniter\CodeIgniter->handleRequest(null, Object(Config\Cache), false)
 9 FCPATH\index.php(67): CodeIgniter\CodeIgniter->run()
INFO - 2023-08-22 17:31:29 --> Session: Class initialized using 'CodeIgniter\Session\Handlers\FileHandler' driver.
INFO - 2023-08-22 17:31:29 --> Session: Class initialized using 'CodeIgniter\Session\Handlers\FileHandler' driver.
INFO - 2023-08-22 17:31:34 --> Session: Class initialized using 'CodeIgniter\Session\Handlers\FileHandler' driver.
INFO - 2023-08-22 17:41:40 --> Session: Class initialized using 'CodeIgniter\Session\Handlers\FileHandler' driver.
