CRITICAL - 2023-08-19 08:05:09 --> Invalid file: "templates/error.php"
in SYSTEMPATH\Exceptions\FrameworkException.php on line 33.
 1 SYSTEMPATH\View\View.php(212): CodeIgniter\Exceptions\FrameworkException::forInvalidFile('templates/error.php')
 2 SYSTEMPATH\Common.php(1180): CodeIgniter\View\View->render('templates/error', [], true)
 3 APPPATH\Controllers\Auth.php(44): view('templates/error')
 4 SYSTEMPATH\CodeIgniter.php(932): App\Controllers\Auth->accueil()
 5 SYSTEMPATH\CodeIgniter.php(497): CodeIgniter\CodeIgniter->runController(Object(App\Controllers\Auth))
 6 SYSTEMPATH\CodeIgniter.php(366): CodeIgniter\CodeIgniter->handleRequest(null, Object(Config\Cache), false)
 7 FCPATH\index.php(67): CodeIgniter\CodeIgniter->run()
INFO - 2023-08-19 08:09:47 --> Session: Class initialized using 'CodeIgniter\Session\Handlers\FileHandler' driver.
CRITICAL - 2023-08-19 08:09:47 --> Undefined variable $compte
in APPPATH\Views\compte\crud.php on line 76.
 1 APPPATH\Views\compte\crud.php(76): CodeIgniter\Debug\Exceptions->errorHandler(2, 'Undefined variable $compte', 'C:\\xampp\\htdocs\\gestion_cabinet_medicale\\app\\Views\\compte\\crud.php', 76)
 2 SYSTEMPATH\View\View.php(224): include('C:\\xampp\\htdocs\\gestion_cabinet_medicale\\app\\Views\\compte\\crud.php')
 3 SYSTEMPATH\View\View.php(227): CodeIgniter\View\View->CodeIgniter\View\{closure}()
 4 SYSTEMPATH\Common.php(1180): CodeIgniter\View\View->render('compte/crud', [], true)
 5 APPPATH\Controllers\Auth.php(39): view('compte/crud')
 6 SYSTEMPATH\CodeIgniter.php(932): App\Controllers\Auth->accueil()
 7 SYSTEMPATH\CodeIgniter.php(497): CodeIgniter\CodeIgniter->runController(Object(App\Controllers\Auth))
 8 SYSTEMPATH\CodeIgniter.php(366): CodeIgniter\CodeIgniter->handleRequest(null, Object(Config\Cache), false)
 9 FCPATH\index.php(67): CodeIgniter\CodeIgniter->run()
CRITICAL - 2023-08-19 08:14:58 --> Invalid file: "compte/welcome_message.php"
in SYSTEMPATH\Exceptions\FrameworkException.php on line 33.
 1 SYSTEMPATH\View\View.php(212): CodeIgniter\Exceptions\FrameworkException::forInvalidFile('compte/welcome_message.php')
 2 SYSTEMPATH\Common.php(1180): CodeIgniter\View\View->render('compte/welcome_message', [], true)
 3 APPPATH\Controllers\Auth.php(39): view('compte/welcome_message')
 4 SYSTEMPATH\CodeIgniter.php(932): App\Controllers\Auth->accueil()
 5 SYSTEMPATH\CodeIgniter.php(497): CodeIgniter\CodeIgniter->runController(Object(App\Controllers\Auth))
 6 SYSTEMPATH\CodeIgniter.php(366): CodeIgniter\CodeIgniter->handleRequest(null, Object(Config\Cache), false)
 7 FCPATH\index.php(67): CodeIgniter\CodeIgniter->run()
CRITICAL - 2023-08-19 12:23:40 --> Cannot use object of type App\Models\CompteModel as array
in APPPATH\Controllers\Auth.php on line 117.
 1 SYSTEMPATH\CodeIgniter.php(932): App\Controllers\Auth->resetPassword()
 2 SYSTEMPATH\CodeIgniter.php(497): CodeIgniter\CodeIgniter->runController(Object(App\Controllers\Auth))
 3 SYSTEMPATH\CodeIgniter.php(366): CodeIgniter\CodeIgniter->handleRequest(null, Object(Config\Cache), false)
 4 FCPATH\index.php(67): CodeIgniter\CodeIgniter->run()
CRITICAL - 2023-08-19 12:28:33 --> Cannot use object of type App\Models\CompteModel as array
in APPPATH\Controllers\Auth.php on line 117.
 1 SYSTEMPATH\CodeIgniter.php(932): App\Controllers\Auth->resetPassword()
 2 SYSTEMPATH\CodeIgniter.php(497): CodeIgniter\CodeIgniter->runController(Object(App\Controllers\Auth))
 3 SYSTEMPATH\CodeIgniter.php(366): CodeIgniter\CodeIgniter->handleRequest(null, Object(Config\Cache), false)
 4 FCPATH\index.php(67): CodeIgniter\CodeIgniter->run()
CRITICAL - 2023-08-19 12:30:57 --> Undefined array key "id"
in APPPATH\Controllers\Auth.php on line 119.
 1 APPPATH\Controllers\Auth.php(119): CodeIgniter\Debug\Exceptions->errorHandler(2, 'Undefined array key "id"', 'C:\\xampp\\htdocs\\gestion_cabinet_medicale\\app\\Controllers\\Auth.php', 119)
 2 SYSTEMPATH\CodeIgniter.php(932): App\Controllers\Auth->resetPassword()
 3 SYSTEMPATH\CodeIgniter.php(497): CodeIgniter\CodeIgniter->runController(Object(App\Controllers\Auth))
 4 SYSTEMPATH\CodeIgniter.php(366): CodeIgniter\CodeIgniter->handleRequest(null, Object(Config\Cache), false)
 5 FCPATH\index.php(67): CodeIgniter\CodeIgniter->run()
CRITICAL - 2023-08-19 12:36:02 --> There is no data to update.
in SYSTEMPATH\BaseModel.php on line 1680.
 1 SYSTEMPATH\BaseModel.php(1680): CodeIgniter\Database\Exceptions\DataException::forEmptyDataset('update')
 2 SYSTEMPATH\BaseModel.php(910): CodeIgniter\BaseModel->transformDataToArray(null, 'update')
 3 SYSTEMPATH\Model.php(756): CodeIgniter\BaseModel->update([...], null)
 4 APPPATH\Controllers\Auth.php(119): CodeIgniter\Model->update([...])
 5 SYSTEMPATH\CodeIgniter.php(932): App\Controllers\Auth->resetPassword()
 6 SYSTEMPATH\CodeIgniter.php(497): CodeIgniter\CodeIgniter->runController(Object(App\Controllers\Auth))
 7 SYSTEMPATH\CodeIgniter.php(366): CodeIgniter\CodeIgniter->handleRequest(null, Object(Config\Cache), false)
 8 FCPATH\index.php(67): CodeIgniter\CodeIgniter->run()
CRITICAL - 2023-08-19 13:26:19 --> There is no data to update.
in SYSTEMPATH\BaseModel.php on line 1680.
 1 SYSTEMPATH\BaseModel.php(1680): CodeIgniter\Database\Exceptions\DataException::forEmptyDataset('update')
 2 SYSTEMPATH\BaseModel.php(910): CodeIgniter\BaseModel->transformDataToArray(null, 'update')
 3 SYSTEMPATH\Model.php(756): CodeIgniter\BaseModel->update([...], null)
 4 APPPATH\Controllers\Auth.php(119): CodeIgniter\Model->update([...])
 5 SYSTEMPATH\CodeIgniter.php(932): App\Controllers\Auth->resetPassword()
 6 SYSTEMPATH\CodeIgniter.php(497): CodeIgniter\CodeIgniter->runController(Object(App\Controllers\Auth))
 7 SYSTEMPATH\CodeIgniter.php(366): CodeIgniter\CodeIgniter->handleRequest(null, Object(Config\Cache), false)
 8 FCPATH\index.php(67): CodeIgniter\CodeIgniter->run()
CRITICAL - 2023-08-19 13:28:58 --> There is no data to update.
in SYSTEMPATH\BaseModel.php on line 1680.
 1 SYSTEMPATH\BaseModel.php(1680): CodeIgniter\Database\Exceptions\DataException::forEmptyDataset('update')
 2 SYSTEMPATH\BaseModel.php(910): CodeIgniter\BaseModel->transformDataToArray(null, 'update')
 3 SYSTEMPATH\Model.php(756): CodeIgniter\BaseModel->update([...], null)
 4 APPPATH\Controllers\Auth.php(119): CodeIgniter\Model->update([...])
 5 SYSTEMPATH\CodeIgniter.php(932): App\Controllers\Auth->resetPassword()
 6 SYSTEMPATH\CodeIgniter.php(497): CodeIgniter\CodeIgniter->runController(Object(App\Controllers\Auth))
 7 SYSTEMPATH\CodeIgniter.php(366): CodeIgniter\CodeIgniter->handleRequest(null, Object(Config\Cache), false)
 8 FCPATH\index.php(67): CodeIgniter\CodeIgniter->run()
CRITICAL - 2023-08-19 13:29:59 --> Cannot use object of type App\Models\CompteModel as array
in APPPATH\Controllers\Auth.php on line 119.
 1 SYSTEMPATH\CodeIgniter.php(932): App\Controllers\Auth->resetPassword()
 2 SYSTEMPATH\CodeIgniter.php(497): CodeIgniter\CodeIgniter->runController(Object(App\Controllers\Auth))
 3 SYSTEMPATH\CodeIgniter.php(366): CodeIgniter\CodeIgniter->handleRequest(null, Object(Config\Cache), false)
 4 FCPATH\index.php(67): CodeIgniter\CodeIgniter->run()
INFO - 2023-08-19 13:37:30 --> Session: Class initialized using 'CodeIgniter\Session\Handlers\FileHandler' driver.
INFO - 2023-08-19 13:38:09 --> Session: Class initialized using 'CodeIgniter\Session\Handlers\FileHandler' driver.
INFO - 2023-08-19 13:38:09 --> Session: Class initialized using 'CodeIgniter\Session\Handlers\FileHandler' driver.
INFO - 2023-08-19 13:38:18 --> Session: Class initialized using 'CodeIgniter\Session\Handlers\FileHandler' driver.
CRITICAL - 2023-08-19 14:49:34 --> Trying to access array offset on value of type null
in APPPATH\Views\patient\modif.php on line 10.
 1 APPPATH\Views\patient\modif.php(10): CodeIgniter\Debug\Exceptions->errorHandler(2, 'Trying to access array offset on value of type null', 'C:\\xampp\\htdocs\\gestion_cabinet_medicale\\app\\Views\\patient\\modif.php', 10)
 2 SYSTEMPATH\View\View.php(224): include('C:\\xampp\\htdocs\\gestion_cabinet_medicale\\app\\Views\\patient\\modif.php')
 3 SYSTEMPATH\View\View.php(227): CodeIgniter\View\View->CodeIgniter\View\{closure}()
 4 SYSTEMPATH\Common.php(1180): CodeIgniter\View\View->render('patient/modif', [], true)
 5 APPPATH\Controllers\ControlleurPatient.php(41): view('patient/modif', [...])
 6 SYSTEMPATH\CodeIgniter.php(932): App\Controllers\ControlleurPatient->modifier('assets', 'css', 'bootstrap.min.css')
 7 SYSTEMPATH\CodeIgniter.php(497): CodeIgniter\CodeIgniter->runController(Object(App\Controllers\ControlleurPatient))
 8 SYSTEMPATH\CodeIgniter.php(366): CodeIgniter\CodeIgniter->handleRequest(null, Object(Config\Cache), false)
 9 FCPATH\index.php(67): CodeIgniter\CodeIgniter->run()
INFO - 2023-08-19 14:49:39 --> Session: Class initialized using 'CodeIgniter\Session\Handlers\FileHandler' driver.
INFO - 2023-08-19 14:49:50 --> Session: Class initialized using 'CodeIgniter\Session\Handlers\FileHandler' driver.
INFO - 2023-08-19 14:49:50 --> Session: Class initialized using 'CodeIgniter\Session\Handlers\FileHandler' driver.
INFO - 2023-08-19 14:49:57 --> Session: Class initialized using 'CodeIgniter\Session\Handlers\FileHandler' driver.
CRITICAL - 2023-08-19 14:51:03 --> Cannot use object of type App\Models\CompteModel as array
in APPPATH\Controllers\Auth.php on line 119.
 1 SYSTEMPATH\CodeIgniter.php(932): App\Controllers\Auth->resetPassword()
 2 SYSTEMPATH\CodeIgniter.php(497): CodeIgniter\CodeIgniter->runController(Object(App\Controllers\Auth))
 3 SYSTEMPATH\CodeIgniter.php(366): CodeIgniter\CodeIgniter->handleRequest(null, Object(Config\Cache), false)
 4 FCPATH\index.php(67): CodeIgniter\CodeIgniter->run()
CRITICAL - 2023-08-19 14:59:16 --> syntax error, unexpected token "private", expecting end of file
in APPPATH\Controllers\Auth.php on line 138.
 1 SYSTEMPATH\Autoloader\Autoloader.php(289): CodeIgniter\Autoloader\Autoloader->includeFile('C:\\xampp\\htdocs\\gestion_cabinet_medicale\\app\\Controllers\\Auth.php')
 2 SYSTEMPATH\Autoloader\Autoloader.php(267): CodeIgniter\Autoloader\Autoloader->loadInNamespace('App\\Controllers\\Auth')
 3 [internal function]: CodeIgniter\Autoloader\Autoloader->loadClass('App\\Controllers\\Auth')
 4 SYSTEMPATH\CodeIgniter.php(890): class_exists('\\App\\Controllers\\Auth', true)
 5 SYSTEMPATH\CodeIgniter.php(484): CodeIgniter\CodeIgniter->startController()
 6 SYSTEMPATH\CodeIgniter.php(366): CodeIgniter\CodeIgniter->handleRequest(null, Object(Config\Cache), false)
 7 FCPATH\index.php(67): CodeIgniter\CodeIgniter->run()
CRITICAL - 2023-08-19 14:59:18 --> syntax error, unexpected token "private", expecting end of file
in APPPATH\Controllers\Auth.php on line 138.
 1 SYSTEMPATH\Autoloader\Autoloader.php(289): CodeIgniter\Autoloader\Autoloader->includeFile('C:\\xampp\\htdocs\\gestion_cabinet_medicale\\app\\Controllers\\Auth.php')
 2 SYSTEMPATH\Autoloader\Autoloader.php(267): CodeIgniter\Autoloader\Autoloader->loadInNamespace('App\\Controllers\\Auth')
 3 [internal function]: CodeIgniter\Autoloader\Autoloader->loadClass('App\\Controllers\\Auth')
 4 SYSTEMPATH\CodeIgniter.php(890): class_exists('\\App\\Controllers\\Auth', true)
 5 SYSTEMPATH\CodeIgniter.php(484): CodeIgniter\CodeIgniter->startController()
 6 SYSTEMPATH\CodeIgniter.php(366): CodeIgniter\CodeIgniter->handleRequest(null, Object(Config\Cache), false)
 7 FCPATH\index.php(67): CodeIgniter\CodeIgniter->run()
CRITICAL - 2023-08-19 15:00:42 --> Trying to access array offset on value of type null
in APPPATH\Controllers\Auth.php on line 119.
 1 APPPATH\Controllers\Auth.php(119): CodeIgniter\Debug\Exceptions->errorHandler(2, 'Trying to access array offset on value of type null', 'C:\\xampp\\htdocs\\gestion_cabinet_medicale\\app\\Controllers\\Auth.php', 119)
 2 SYSTEMPATH\CodeIgniter.php(932): App\Controllers\Auth->resetPassword()
 3 SYSTEMPATH\CodeIgniter.php(497): CodeIgniter\CodeIgniter->runController(Object(App\Controllers\Auth))
 4 SYSTEMPATH\CodeIgniter.php(366): CodeIgniter\CodeIgniter->handleRequest(null, Object(Config\Cache), false)
 5 FCPATH\index.php(67): CodeIgniter\CodeIgniter->run()
CRITICAL - 2023-08-19 15:09:59 --> There is no data to update.
in SYSTEMPATH\BaseModel.php on line 1680.
 1 SYSTEMPATH\BaseModel.php(1680): CodeIgniter\Database\Exceptions\DataException::forEmptyDataset('update')
 2 SYSTEMPATH\BaseModel.php(910): CodeIgniter\BaseModel->transformDataToArray(null, 'update')
 3 SYSTEMPATH\Model.php(756): CodeIgniter\BaseModel->update([...], null)
 4 APPPATH\Controllers\Auth.php(120): CodeIgniter\Model->update([...])
 5 SYSTEMPATH\CodeIgniter.php(932): App\Controllers\Auth->resetPassword()
 6 SYSTEMPATH\CodeIgniter.php(497): CodeIgniter\CodeIgniter->runController(Object(App\Controllers\Auth))
 7 SYSTEMPATH\CodeIgniter.php(366): CodeIgniter\CodeIgniter->handleRequest(null, Object(Config\Cache), false)
 8 FCPATH\index.php(67): CodeIgniter\CodeIgniter->run()
ERROR - 2023-08-19 18:10:22 --> Email: Unable to send email using SMTP. Your server might not be configured to send mail using this method.
ERROR - 2023-08-19 18:10:22 --> 220 smtp.gmail.com ESMTP w1-20020a05600c014100b003fee53feab5sm2508335wmm.10 - gsmtp

hello: 250-smtp.gmail.com at your service, [41.141.245.247]
250-SIZE 35882577
250-8BITMIME
250-AUTH LOGIN PLAIN XOAUTH2 PLAIN-CLIENTTOKEN OAUTHBEARER XOAUTH
250-ENHANCEDSTATUSCODES
250-PIPELINING
250-CHUNKING
250 SMTPUTF8

Failed to authenticate password. Error: 535-5.7.8 Username and Password not accepted. Learn more at
535 5.7.8  https://support.google.com/mail/?p=BadCredentials w1-20020a05600c014100b003fee53feab5sm2508335wmm.10 - gsmtp

ERROR - 2023-08-19 18:31:27 --> Email: Unable to send email using SMTP. Your server might not be configured to send mail using this method.
ERROR - 2023-08-19 18:31:27 --> 220 smtp.gmail.com ESMTP y7-20020adff6c7000000b0031accc7228asm7007986wrp.34 - gsmtp

hello: 250-smtp.gmail.com at your service, [41.141.245.247]
250-SIZE 35882577
250-8BITMIME
250-AUTH LOGIN PLAIN XOAUTH2 PLAIN-CLIENTTOKEN OAUTHBEARER XOAUTH
250-ENHANCEDSTATUSCODES
250-PIPELINING
250-CHUNKING
250 SMTPUTF8

Failed to authenticate password. Error: 535-5.7.8 Username and Password not accepted. Learn more at
535 5.7.8  https://support.google.com/mail/?p=BadCredentials y7-20020adff6c7000000b0031accc7228asm7007986wrp.34 - gsmtp

ERROR - 2023-08-19 18:35:23 --> Email: Unable to send email using SMTP. Your server might not be configured to send mail using this method.
ERROR - 2023-08-19 18:35:23 --> 220 smtp.gmail.com ESMTP o3-20020a5d4743000000b0031912c0ffebsm7012955wrs.23 - gsmtp

hello: 250-smtp.gmail.com at your service, [41.141.245.247]
250-SIZE 35882577
250-8BITMIME
250-AUTH LOGIN PLAIN XOAUTH2 PLAIN-CLIENTTOKEN OAUTHBEARER XOAUTH
250-ENHANCEDSTATUSCODES
250-PIPELINING
250-CHUNKING
250 SMTPUTF8

Failed to authenticate password. Error: 535-5.7.8 Username and Password not accepted. Learn more at
535 5.7.8  https://support.google.com/mail/?p=BadCredentials o3-20020a5d4743000000b0031912c0ffebsm7012955wrs.23 - gsmtp

ERROR - 2023-08-19 18:51:35 --> Email: Unable to send email using Sendmail. Your server might not be configured to send mail using this method.
ERROR - 2023-08-19 18:51:35 --> Exit status code: 1
Unable to open a socket to Sendmail. Please check settings.
ERROR - 2023-08-19 18:51:37 --> Email: Unable to send email using Sendmail. Your server might not be configured to send mail using this method.
ERROR - 2023-08-19 18:51:37 --> Exit status code: 1
Unable to open a socket to Sendmail. Please check settings.
ERROR - 2023-08-19 18:51:39 --> Email: Unable to send email using Sendmail. Your server might not be configured to send mail using this method.
ERROR - 2023-08-19 18:51:39 --> Exit status code: 1
Unable to open a socket to Sendmail. Please check settings.
ERROR - 2023-08-19 18:51:41 --> Email: Unable to send email using Sendmail. Your server might not be configured to send mail using this method.
ERROR - 2023-08-19 18:51:41 --> Exit status code: 1
Unable to open a socket to Sendmail. Please check settings.
ERROR - 2023-08-19 18:51:53 --> Email: Unable to send email using Sendmail. Your server might not be configured to send mail using this method.
ERROR - 2023-08-19 18:51:53 --> Exit status code: 1
Unable to open a socket to Sendmail. Please check settings.
ERROR - 2023-08-19 20:42:47 --> Email: Unable to send email using Sendmail. Your server might not be configured to send mail using this method.
ERROR - 2023-08-19 20:42:47 --> Exit status code: 1
Unable to open a socket to Sendmail. Please check settings.
ERROR - 2023-08-19 20:42:52 --> Email: Unable to send email using Sendmail. Your server might not be configured to send mail using this method.
ERROR - 2023-08-19 20:42:52 --> Exit status code: 1
Unable to open a socket to Sendmail. Please check settings.
ERROR - 2023-08-19 20:43:53 --> Email: sendWithSmtp throwed ErrorException: fsockopen(): SSL operation failed with code 1. OpenSSL Error messages:
error:0A00010B:SSL routines::wrong version number in C:\xampp\htdocs\gestion_cabinet_medicale\system\Email\Email.php:1863
Stack trace:
#0 [internal function]: CodeIgniter\Debug\Exceptions->errorHandler(2, 'fsockopen(): SS...', 'C:\\xampp\\htdocs...', 1863)
#1 C:\xampp\htdocs\gestion_cabinet_medicale\system\Email\Email.php(1863): fsockopen('ssl://sandbox.s...', '2525', NULL, NULL, 20)
#2 C:\xampp\htdocs\gestion_cabinet_medicale\system\Email\Email.php(1782): CodeIgniter\Email\Email->SMTPConnect()
#3 C:\xampp\htdocs\gestion_cabinet_medicale\system\Email\Email.php(1667): CodeIgniter\Email\Email->sendWithSmtp()
#4 C:\xampp\htdocs\gestion_cabinet_medicale\system\Email\Email.php(1565): CodeIgniter\Email\Email->spoolEmail()
#5 C:\xampp\htdocs\gestion_cabinet_medicale\app\Controllers\Mail.php(24): CodeIgniter\Email\Email->send()
#6 C:\xampp\htdocs\gestion_cabinet_medicale\system\CodeIgniter.php(932): App\Controllers\Mail->index()
#7 C:\xampp\htdocs\gestion_cabinet_medicale\system\CodeIgniter.php(497): CodeIgniter\CodeIgniter->runController(Object(App\Controllers\Mail))
#8 C:\xampp\htdocs\gestion_cabinet_medicale\system\CodeIgniter.php(366): CodeIgniter\CodeIgniter->handleRequest(NULL, Object(Config\Cache), false)
#9 C:\xampp\htdocs\gestion_cabinet_medicale\public\index.php(67): CodeIgniter\CodeIgniter->run()
#10 {main}
ERROR - 2023-08-19 20:43:53 --> Email: Unable to send email using SMTP. Your server might not be configured to send mail using this method.
ERROR - 2023-08-19 20:43:53 --> 
ERROR - 2023-08-19 20:45:14 --> Email: sendWithSmtp throwed ErrorException: fsockopen(): SSL operation failed with code 1. OpenSSL Error messages:
error:0A00010B:SSL routines::wrong version number in C:\xampp\htdocs\gestion_cabinet_medicale\system\Email\Email.php:1863
Stack trace:
#0 [internal function]: CodeIgniter\Debug\Exceptions->errorHandler(2, 'fsockopen(): SS...', 'C:\\xampp\\htdocs...', 1863)
#1 C:\xampp\htdocs\gestion_cabinet_medicale\system\Email\Email.php(1863): fsockopen('ssl://sandbox.s...', '2525', NULL, NULL, 20)
#2 C:\xampp\htdocs\gestion_cabinet_medicale\system\Email\Email.php(1782): CodeIgniter\Email\Email->SMTPConnect()
#3 C:\xampp\htdocs\gestion_cabinet_medicale\system\Email\Email.php(1667): CodeIgniter\Email\Email->sendWithSmtp()
#4 C:\xampp\htdocs\gestion_cabinet_medicale\system\Email\Email.php(1565): CodeIgniter\Email\Email->spoolEmail()
#5 C:\xampp\htdocs\gestion_cabinet_medicale\app\Controllers\Mail.php(24): CodeIgniter\Email\Email->send()
#6 C:\xampp\htdocs\gestion_cabinet_medicale\system\CodeIgniter.php(932): App\Controllers\Mail->index()
#7 C:\xampp\htdocs\gestion_cabinet_medicale\system\CodeIgniter.php(497): CodeIgniter\CodeIgniter->runController(Object(App\Controllers\Mail))
#8 C:\xampp\htdocs\gestion_cabinet_medicale\system\CodeIgniter.php(366): CodeIgniter\CodeIgniter->handleRequest(NULL, Object(Config\Cache), false)
#9 C:\xampp\htdocs\gestion_cabinet_medicale\public\index.php(67): CodeIgniter\CodeIgniter->run()
#10 {main}
ERROR - 2023-08-19 20:45:14 --> Email: Unable to send email using SMTP. Your server might not be configured to send mail using this method.
ERROR - 2023-08-19 20:45:14 --> 
ERROR - 2023-08-19 21:26:05 --> Email: sendWithSmtp throwed ErrorException: fsockopen(): SSL operation failed with code 1. OpenSSL Error messages:
error:0A00010B:SSL routines::wrong version number in C:\xampp\htdocs\gestion_cabinet_medicale\system\Email\Email.php:1863
Stack trace:
#0 [internal function]: CodeIgniter\Debug\Exceptions->errorHandler(2, 'fsockopen(): SS...', 'C:\\xampp\\htdocs...', 1863)
#1 C:\xampp\htdocs\gestion_cabinet_medicale\system\Email\Email.php(1863): fsockopen('ssl://sandbox.s...', '2525', NULL, NULL, 20)
#2 C:\xampp\htdocs\gestion_cabinet_medicale\system\Email\Email.php(1782): CodeIgniter\Email\Email->SMTPConnect()
#3 C:\xampp\htdocs\gestion_cabinet_medicale\system\Email\Email.php(1667): CodeIgniter\Email\Email->sendWithSmtp()
#4 C:\xampp\htdocs\gestion_cabinet_medicale\system\Email\Email.php(1565): CodeIgniter\Email\Email->spoolEmail()
#5 C:\xampp\htdocs\gestion_cabinet_medicale\app\Controllers\Mail.php(24): CodeIgniter\Email\Email->send()
#6 C:\xampp\htdocs\gestion_cabinet_medicale\system\CodeIgniter.php(932): App\Controllers\Mail->index()
#7 C:\xampp\htdocs\gestion_cabinet_medicale\system\CodeIgniter.php(497): CodeIgniter\CodeIgniter->runController(Object(App\Controllers\Mail))
#8 C:\xampp\htdocs\gestion_cabinet_medicale\system\CodeIgniter.php(366): CodeIgniter\CodeIgniter->handleRequest(NULL, Object(Config\Cache), false)
#9 C:\xampp\htdocs\gestion_cabinet_medicale\public\index.php(67): CodeIgniter\CodeIgniter->run()
#10 {main}
ERROR - 2023-08-19 21:26:05 --> Email: Unable to send email using SMTP. Your server might not be configured to send mail using this method.
ERROR - 2023-08-19 21:26:05 --> 
ERROR - 2023-08-19 21:30:50 --> Email: sendWithSmtp throwed ErrorException: fsockopen(): SSL operation failed with code 1. OpenSSL Error messages:
error:0A00010B:SSL routines::wrong version number in C:\xampp\htdocs\gestion_cabinet_medicale\system\Email\Email.php:1863
Stack trace:
#0 [internal function]: CodeIgniter\Debug\Exceptions->errorHandler(2, 'fsockopen(): SS...', 'C:\\xampp\\htdocs...', 1863)
#1 C:\xampp\htdocs\gestion_cabinet_medicale\system\Email\Email.php(1863): fsockopen('ssl://sandbox.s...', 2525, NULL, NULL, 20)
#2 C:\xampp\htdocs\gestion_cabinet_medicale\system\Email\Email.php(1782): CodeIgniter\Email\Email->SMTPConnect()
#3 C:\xampp\htdocs\gestion_cabinet_medicale\system\Email\Email.php(1667): CodeIgniter\Email\Email->sendWithSmtp()
#4 C:\xampp\htdocs\gestion_cabinet_medicale\system\Email\Email.php(1565): CodeIgniter\Email\Email->spoolEmail()
#5 C:\xampp\htdocs\gestion_cabinet_medicale\app\Controllers\Mail.php(17): CodeIgniter\Email\Email->send()
#6 C:\xampp\htdocs\gestion_cabinet_medicale\system\CodeIgniter.php(932): App\Controllers\Mail->index()
#7 C:\xampp\htdocs\gestion_cabinet_medicale\system\CodeIgniter.php(497): CodeIgniter\CodeIgniter->runController(Object(App\Controllers\Mail))
#8 C:\xampp\htdocs\gestion_cabinet_medicale\system\CodeIgniter.php(366): CodeIgniter\CodeIgniter->handleRequest(NULL, Object(Config\Cache), false)
#9 C:\xampp\htdocs\gestion_cabinet_medicale\public\index.php(67): CodeIgniter\CodeIgniter->run()
#10 {main}
ERROR - 2023-08-19 21:30:50 --> Email: Unable to send email using SMTP. Your server might not be configured to send mail using this method.
ERROR - 2023-08-19 21:30:50 --> 
ERROR - 2023-08-19 21:31:03 --> Email: sendWithSmtp throwed ErrorException: fsockopen(): SSL operation failed with code 1. OpenSSL Error messages:
error:0A00010B:SSL routines::wrong version number in C:\xampp\htdocs\gestion_cabinet_medicale\system\Email\Email.php:1863
Stack trace:
#0 [internal function]: CodeIgniter\Debug\Exceptions->errorHandler(2, 'fsockopen(): SS...', 'C:\\xampp\\htdocs...', 1863)
#1 C:\xampp\htdocs\gestion_cabinet_medicale\system\Email\Email.php(1863): fsockopen('ssl://sandbox.s...', 2525, NULL, NULL, 20)
#2 C:\xampp\htdocs\gestion_cabinet_medicale\system\Email\Email.php(1782): CodeIgniter\Email\Email->SMTPConnect()
#3 C:\xampp\htdocs\gestion_cabinet_medicale\system\Email\Email.php(1667): CodeIgniter\Email\Email->sendWithSmtp()
#4 C:\xampp\htdocs\gestion_cabinet_medicale\system\Email\Email.php(1565): CodeIgniter\Email\Email->spoolEmail()
#5 C:\xampp\htdocs\gestion_cabinet_medicale\app\Controllers\Mail.php(17): CodeIgniter\Email\Email->send()
#6 C:\xampp\htdocs\gestion_cabinet_medicale\system\CodeIgniter.php(932): App\Controllers\Mail->index()
#7 C:\xampp\htdocs\gestion_cabinet_medicale\system\CodeIgniter.php(497): CodeIgniter\CodeIgniter->runController(Object(App\Controllers\Mail))
#8 C:\xampp\htdocs\gestion_cabinet_medicale\system\CodeIgniter.php(366): CodeIgniter\CodeIgniter->handleRequest(NULL, Object(Config\Cache), false)
#9 C:\xampp\htdocs\gestion_cabinet_medicale\public\index.php(67): CodeIgniter\CodeIgniter->run()
#10 {main}
ERROR - 2023-08-19 21:31:03 --> Email: Unable to send email using SMTP. Your server might not be configured to send mail using this method.
ERROR - 2023-08-19 21:31:03 --> 
