INFO - 2023-08-17 11:42:03 --> Session: Class initialized using 'CodeIgniter\Session\Handlers\FileHandler' driver.
CRITICAL - 2023-08-17 11:42:09 --> Call to undefined method App\Controllers\ControlleurPatient::initController()
in SYSTEMPATH\CodeIgniter.php on line 905.
 1 SYSTEMPATH\CodeIgniter.php(488): CodeIgniter\CodeIgniter->createController()
 2 SYSTEMPATH\CodeIgniter.php(366): CodeIgniter\CodeIgniter->handleRequest(null, Object(Config\Cache), false)
 3 FCPATH\index.php(67): CodeIgniter\CodeIgniter->run()
CRITICAL - 2023-08-17 11:43:34 --> Call to undefined method App\Controllers\ControlleurPatient::initController()
in SYSTEMPATH\CodeIgniter.php on line 905.
 1 SYSTEMPATH\CodeIgniter.php(488): CodeIgniter\CodeIgniter->createController()
 2 SYSTEMPATH\CodeIgniter.php(366): CodeIgniter\CodeIgniter->handleRequest(null, Object(Config\Cache), false)
 3 FCPATH\index.php(67): CodeIgniter\CodeIgniter->run()
INFO - 2023-08-17 11:43:36 --> Session: Class initialized using 'CodeIgniter\Session\Handlers\FileHandler' driver.
CRITICAL - 2023-08-17 11:43:39 --> Call to undefined method App\Controllers\ControlleurPatient::initController()
in SYSTEMPATH\CodeIgniter.php on line 905.
 1 SYSTEMPATH\CodeIgniter.php(488): CodeIgniter\CodeIgniter->createController()
 2 SYSTEMPATH\CodeIgniter.php(366): CodeIgniter\CodeIgniter->handleRequest(null, Object(Config\Cache), false)
 3 FCPATH\index.php(67): CodeIgniter\CodeIgniter->run()
INFO - 2023-08-17 11:52:16 --> Session: Class initialized using 'CodeIgniter\Session\Handlers\FileHandler' driver.
CRITICAL - 2023-08-17 11:52:21 --> Call to undefined method App\Controllers\ControlleurPatient::initController()
in SYSTEMPATH\CodeIgniter.php on line 905.
 1 SYSTEMPATH\CodeIgniter.php(488): CodeIgniter\CodeIgniter->createController()
 2 SYSTEMPATH\CodeIgniter.php(366): CodeIgniter\CodeIgniter->handleRequest(null, Object(Config\Cache), false)
 3 FCPATH\index.php(67): CodeIgniter\CodeIgniter->run()
INFO - 2023-08-17 11:59:51 --> Session: Class initialized using 'CodeIgniter\Session\Handlers\FileHandler' driver.
CRITICAL - 2023-08-17 11:59:54 --> Call to undefined method App\Controllers\ControlleurPatient::initController()
in SYSTEMPATH\CodeIgniter.php on line 905.
 1 SYSTEMPATH\CodeIgniter.php(488): CodeIgniter\CodeIgniter->createController()
 2 SYSTEMPATH\CodeIgniter.php(366): CodeIgniter\CodeIgniter->handleRequest(null, Object(Config\Cache), false)
 3 FCPATH\index.php(67): CodeIgniter\CodeIgniter->run()
INFO - 2023-08-17 12:01:51 --> Session: Class initialized using 'CodeIgniter\Session\Handlers\FileHandler' driver.
INFO - 2023-08-17 12:01:54 --> Session: Class initialized using 'CodeIgniter\Session\Handlers\FileHandler' driver.
CRITICAL - 2023-08-17 12:01:54 --> Undefined array key "prénom"
in APPPATH\Views\patient\crudP.php on line 83.
 1 APPPATH\Views\patient\crudP.php(83): CodeIgniter\Debug\Exceptions->errorHandler(2, 'Undefined array key "prénom"', 'C:\\xampp\\htdocs\\gestion_cabinet_medicale\\app\\Views\\patient\\crudP.php', 83)
 2 SYSTEMPATH\View\View.php(224): include('C:\\xampp\\htdocs\\gestion_cabinet_medicale\\app\\Views\\patient\\crudP.php')
 3 SYSTEMPATH\View\View.php(227): CodeIgniter\View\View->CodeIgniter\View\{closure}()
 4 SYSTEMPATH\Common.php(1180): CodeIgniter\View\View->render('patient/crudP', [], true)
 5 APPPATH\Controllers\ControlleurPatient.php(13): view('patient/crudP', [...])
 6 SYSTEMPATH\CodeIgniter.php(932): App\Controllers\ControlleurPatient->index()
 7 SYSTEMPATH\CodeIgniter.php(497): CodeIgniter\CodeIgniter->runController(Object(App\Controllers\ControlleurPatient))
 8 SYSTEMPATH\CodeIgniter.php(366): CodeIgniter\CodeIgniter->handleRequest(null, Object(Config\Cache), false)
 9 FCPATH\index.php(67): CodeIgniter\CodeIgniter->run()
INFO - 2023-08-17 12:02:23 --> Session: Class initialized using 'CodeIgniter\Session\Handlers\FileHandler' driver.
INFO - 2023-08-17 12:02:27 --> Session: Class initialized using 'CodeIgniter\Session\Handlers\FileHandler' driver.
CRITICAL - 2023-08-17 12:02:27 --> Undefined array key "id_patient"
in APPPATH\Views\patient\crudP.php on line 91.
 1 APPPATH\Views\patient\crudP.php(91): CodeIgniter\Debug\Exceptions->errorHandler(2, 'Undefined array key "id_patient"', 'C:\\xampp\\htdocs\\gestion_cabinet_medicale\\app\\Views\\patient\\crudP.php', 91)
 2 SYSTEMPATH\View\View.php(224): include('C:\\xampp\\htdocs\\gestion_cabinet_medicale\\app\\Views\\patient\\crudP.php')
 3 SYSTEMPATH\View\View.php(227): CodeIgniter\View\View->CodeIgniter\View\{closure}()
 4 SYSTEMPATH\Common.php(1180): CodeIgniter\View\View->render('patient/crudP', [], true)
 5 APPPATH\Controllers\ControlleurPatient.php(13): view('patient/crudP', [...])
 6 SYSTEMPATH\CodeIgniter.php(932): App\Controllers\ControlleurPatient->index()
 7 SYSTEMPATH\CodeIgniter.php(497): CodeIgniter\CodeIgniter->runController(Object(App\Controllers\ControlleurPatient))
 8 SYSTEMPATH\CodeIgniter.php(366): CodeIgniter\CodeIgniter->handleRequest(null, Object(Config\Cache), false)
 9 FCPATH\index.php(67): CodeIgniter\CodeIgniter->run()
INFO - 2023-08-17 12:03:00 --> Session: Class initialized using 'CodeIgniter\Session\Handlers\FileHandler' driver.
CRITICAL - 2023-08-17 12:03:19 --> Invalid file: "patient/enregistrement.php"
in SYSTEMPATH\Exceptions\FrameworkException.php on line 33.
 1 SYSTEMPATH\View\View.php(212): CodeIgniter\Exceptions\FrameworkException::forInvalidFile('patient/enregistrement.php')
 2 SYSTEMPATH\Common.php(1180): CodeIgniter\View\View->render('patient/enregistrement', [], true)
 3 APPPATH\Controllers\ControlleurPatient.php(18): view('patient/enregistrement')
 4 SYSTEMPATH\CodeIgniter.php(932): App\Controllers\ControlleurPatient->formulaire()
 5 SYSTEMPATH\CodeIgniter.php(497): CodeIgniter\CodeIgniter->runController(Object(App\Controllers\ControlleurPatient))
 6 SYSTEMPATH\CodeIgniter.php(366): CodeIgniter\CodeIgniter->handleRequest(null, Object(Config\Cache), false)
 7 FCPATH\index.php(67): CodeIgniter\CodeIgniter->run()
INFO - 2023-08-17 12:31:47 --> Session: Class initialized using 'CodeIgniter\Session\Handlers\FileHandler' driver.
INFO - 2023-08-17 12:31:51 --> Session: Class initialized using 'CodeIgniter\Session\Handlers\FileHandler' driver.
INFO - 2023-08-17 12:39:04 --> Session: Class initialized using 'CodeIgniter\Session\Handlers\FileHandler' driver.
INFO - 2023-08-17 12:39:14 --> Session: Class initialized using 'CodeIgniter\Session\Handlers\FileHandler' driver.
INFO - 2023-08-17 12:39:21 --> Session: Class initialized using 'CodeIgniter\Session\Handlers\FileHandler' driver.
ERROR - 2023-08-17 12:45:56 --> mysqli_sql_exception: Cannot add or update a child row: a foreign key constraint fails (`gestion_cabinet_medicale`.`patient`, CONSTRAINT `patient_ibfk_1` FOREIGN KEY (`id_compte`) REFERENCES `compte` (`id_compte`)) in C:\xampp\htdocs\gestion_cabinet_medicale\system\Database\MySQLi\Connection.php:295
Stack trace:
#0 C:\xampp\htdocs\gestion_cabinet_medicale\system\Database\MySQLi\Connection.php(295): mysqli->query('INSERT INTO `pa...', 0)
#1 C:\xampp\htdocs\gestion_cabinet_medicale\system\Database\BaseConnection.php(692): CodeIgniter\Database\MySQLi\Connection->execute('INSERT INTO `pa...')
#2 C:\xampp\htdocs\gestion_cabinet_medicale\system\Database\BaseConnection.php(606): CodeIgniter\Database\BaseConnection->simpleQuery('INSERT INTO `pa...')
#3 C:\xampp\htdocs\gestion_cabinet_medicale\system\Database\BaseBuilder.php(2309): CodeIgniter\Database\BaseConnection->query('INSERT INTO `pa...', Array, false)
#4 C:\xampp\htdocs\gestion_cabinet_medicale\system\Model.php(330): CodeIgniter\Database\BaseBuilder->insert()
#5 C:\xampp\htdocs\gestion_cabinet_medicale\system\BaseModel.php(782): CodeIgniter\Model->doInsert(Array)
#6 C:\xampp\htdocs\gestion_cabinet_medicale\system\Model.php(730): CodeIgniter\BaseModel->insert(Array, false)
#7 C:\xampp\htdocs\gestion_cabinet_medicale\system\BaseModel.php(692): CodeIgniter\Model->insert(Array, false)
#8 C:\xampp\htdocs\gestion_cabinet_medicale\app\Controllers\ControlleurPatient.php(32): CodeIgniter\BaseModel->save(Array)
#9 C:\xampp\htdocs\gestion_cabinet_medicale\system\CodeIgniter.php(932): App\Controllers\ControlleurPatient->enregistrer()
#10 C:\xampp\htdocs\gestion_cabinet_medicale\system\CodeIgniter.php(497): CodeIgniter\CodeIgniter->runController(Object(App\Controllers\ControlleurPatient))
#11 C:\xampp\htdocs\gestion_cabinet_medicale\system\CodeIgniter.php(366): CodeIgniter\CodeIgniter->handleRequest(NULL, Object(Config\Cache), false)
#12 C:\xampp\htdocs\gestion_cabinet_medicale\public\index.php(67): CodeIgniter\CodeIgniter->run()
#13 {main}
CRITICAL - 2023-08-17 12:45:56 --> Cannot add or update a child row: a foreign key constraint fails (`gestion_cabinet_medicale`.`patient`, CONSTRAINT `patient_ibfk_1` FOREIGN KEY (`id_compte`) REFERENCES `compte` (`id_compte`))
in SYSTEMPATH\Database\MySQLi\Connection.php on line 295.
 1 SYSTEMPATH\Database\MySQLi\Connection.php(295): mysqli->query('INSERT INTO `patient` (`nom`, `prenom`, `date_naissance`, `telephone`, `adresse`, `sexe`) VALUES (\'chaafi\', \'amal\', \'2023-08-03\', \'0645654532\', \'OUJDA\', \'FEMME\')', 0)
 2 SYSTEMPATH\Database\BaseConnection.php(692): CodeIgniter\Database\MySQLi\Connection->execute('INSERT INTO `patient` (`nom`, `prenom`, `date_naissance`, `telephone`, `adresse`, `sexe`) VALUES (\'chaafi\', \'amal\', \'2023-08-03\', \'0645654532\', \'OUJDA\', \'FEMME\')')
 3 SYSTEMPATH\Database\BaseConnection.php(606): CodeIgniter\Database\BaseConnection->simpleQuery('INSERT INTO `patient` (`nom`, `prenom`, `date_naissance`, `telephone`, `adresse`, `sexe`) VALUES (\'chaafi\', \'amal\', \'2023-08-03\', \'0645654532\', \'OUJDA\', \'FEMME\')')
 4 SYSTEMPATH\Database\BaseBuilder.php(2309): CodeIgniter\Database\BaseConnection->query('INSERT INTO `patient` (`nom`, `prenom`, `date_naissance`, `telephone`, `adresse`, `sexe`) VALUES (:nom:, :prenom:, :date_naissance:, :telephone:, :adresse:, :sexe:)', [...], false)
 5 SYSTEMPATH\Model.php(330): CodeIgniter\Database\BaseBuilder->insert()
 6 SYSTEMPATH\BaseModel.php(782): CodeIgniter\Model->doInsert([...])
 7 SYSTEMPATH\Model.php(730): CodeIgniter\BaseModel->insert([...], false)
 8 SYSTEMPATH\BaseModel.php(692): CodeIgniter\Model->insert([...], false)
 9 APPPATH\Controllers\ControlleurPatient.php(32): CodeIgniter\BaseModel->save([...])
10 SYSTEMPATH\CodeIgniter.php(932): App\Controllers\ControlleurPatient->enregistrer()
11 SYSTEMPATH\CodeIgniter.php(497): CodeIgniter\CodeIgniter->runController(Object(App\Controllers\ControlleurPatient))
12 SYSTEMPATH\CodeIgniter.php(366): CodeIgniter\CodeIgniter->handleRequest(null, Object(Config\Cache), false)
13 FCPATH\index.php(67): CodeIgniter\CodeIgniter->run()
ERROR - 2023-08-17 13:13:40 --> mysqli_sql_exception: Cannot add or update a child row: a foreign key constraint fails (`gestion_cabinet_medicale`.`patient`, CONSTRAINT `patient_ibfk_1` FOREIGN KEY (`id_compte`) REFERENCES `compte` (`id_compte`)) in C:\xampp\htdocs\gestion_cabinet_medicale\system\Database\MySQLi\Connection.php:295
Stack trace:
#0 C:\xampp\htdocs\gestion_cabinet_medicale\system\Database\MySQLi\Connection.php(295): mysqli->query('INSERT INTO `pa...', 0)
#1 C:\xampp\htdocs\gestion_cabinet_medicale\system\Database\BaseConnection.php(692): CodeIgniter\Database\MySQLi\Connection->execute('INSERT INTO `pa...')
#2 C:\xampp\htdocs\gestion_cabinet_medicale\system\Database\BaseConnection.php(606): CodeIgniter\Database\BaseConnection->simpleQuery('INSERT INTO `pa...')
#3 C:\xampp\htdocs\gestion_cabinet_medicale\system\Database\BaseBuilder.php(2309): CodeIgniter\Database\BaseConnection->query('INSERT INTO `pa...', Array, false)
#4 C:\xampp\htdocs\gestion_cabinet_medicale\system\Model.php(330): CodeIgniter\Database\BaseBuilder->insert()
#5 C:\xampp\htdocs\gestion_cabinet_medicale\system\BaseModel.php(782): CodeIgniter\Model->doInsert(Array)
#6 C:\xampp\htdocs\gestion_cabinet_medicale\system\Model.php(730): CodeIgniter\BaseModel->insert(Array, false)
#7 C:\xampp\htdocs\gestion_cabinet_medicale\system\BaseModel.php(692): CodeIgniter\Model->insert(Array, false)
#8 C:\xampp\htdocs\gestion_cabinet_medicale\app\Controllers\ControlleurPatient.php(33): CodeIgniter\BaseModel->save(Array)
#9 C:\xampp\htdocs\gestion_cabinet_medicale\system\CodeIgniter.php(932): App\Controllers\ControlleurPatient->enregistrer()
#10 C:\xampp\htdocs\gestion_cabinet_medicale\system\CodeIgniter.php(497): CodeIgniter\CodeIgniter->runController(Object(App\Controllers\ControlleurPatient))
#11 C:\xampp\htdocs\gestion_cabinet_medicale\system\CodeIgniter.php(366): CodeIgniter\CodeIgniter->handleRequest(NULL, Object(Config\Cache), false)
#12 C:\xampp\htdocs\gestion_cabinet_medicale\public\index.php(67): CodeIgniter\CodeIgniter->run()
#13 {main}
CRITICAL - 2023-08-17 13:13:40 --> Cannot add or update a child row: a foreign key constraint fails (`gestion_cabinet_medicale`.`patient`, CONSTRAINT `patient_ibfk_1` FOREIGN KEY (`id_compte`) REFERENCES `compte` (`id_compte`))
in SYSTEMPATH\Database\MySQLi\Connection.php on line 295.
 1 SYSTEMPATH\Database\MySQLi\Connection.php(295): mysqli->query('INSERT INTO `patient` (`nom`, `prenom`, `date_naissance`, `telephone`, `adresse`, `sexe`) VALUES (\'chaafi\', \'amal\', \'2023-07-31\', \'0645654545\', \'OUJDA\', \'FEMME\')', 0)
 2 SYSTEMPATH\Database\BaseConnection.php(692): CodeIgniter\Database\MySQLi\Connection->execute('INSERT INTO `patient` (`nom`, `prenom`, `date_naissance`, `telephone`, `adresse`, `sexe`) VALUES (\'chaafi\', \'amal\', \'2023-07-31\', \'0645654545\', \'OUJDA\', \'FEMME\')')
 3 SYSTEMPATH\Database\BaseConnection.php(606): CodeIgniter\Database\BaseConnection->simpleQuery('INSERT INTO `patient` (`nom`, `prenom`, `date_naissance`, `telephone`, `adresse`, `sexe`) VALUES (\'chaafi\', \'amal\', \'2023-07-31\', \'0645654545\', \'OUJDA\', \'FEMME\')')
 4 SYSTEMPATH\Database\BaseBuilder.php(2309): CodeIgniter\Database\BaseConnection->query('INSERT INTO `patient` (`nom`, `prenom`, `date_naissance`, `telephone`, `adresse`, `sexe`) VALUES (:nom:, :prenom:, :date_naissance:, :telephone:, :adresse:, :sexe:)', [...], false)
 5 SYSTEMPATH\Model.php(330): CodeIgniter\Database\BaseBuilder->insert()
 6 SYSTEMPATH\BaseModel.php(782): CodeIgniter\Model->doInsert([...])
 7 SYSTEMPATH\Model.php(730): CodeIgniter\BaseModel->insert([...], false)
 8 SYSTEMPATH\BaseModel.php(692): CodeIgniter\Model->insert([...], false)
 9 APPPATH\Controllers\ControlleurPatient.php(33): CodeIgniter\BaseModel->save([...])
10 SYSTEMPATH\CodeIgniter.php(932): App\Controllers\ControlleurPatient->enregistrer()
11 SYSTEMPATH\CodeIgniter.php(497): CodeIgniter\CodeIgniter->runController(Object(App\Controllers\ControlleurPatient))
12 SYSTEMPATH\CodeIgniter.php(366): CodeIgniter\CodeIgniter->handleRequest(null, Object(Config\Cache), false)
13 FCPATH\index.php(67): CodeIgniter\CodeIgniter->run()
INFO - 2023-08-17 13:29:13 --> Session: Class initialized using 'CodeIgniter\Session\Handlers\FileHandler' driver.
INFO - 2023-08-17 13:29:17 --> Session: Class initialized using 'CodeIgniter\Session\Handlers\FileHandler' driver.
INFO - 2023-08-17 13:30:38 --> Session: Class initialized using 'CodeIgniter\Session\Handlers\FileHandler' driver.
INFO - 2023-08-17 13:30:42 --> Session: Class initialized using 'CodeIgniter\Session\Handlers\FileHandler' driver.
INFO - 2023-08-17 13:33:17 --> Session: Class initialized using 'CodeIgniter\Session\Handlers\FileHandler' driver.
INFO - 2023-08-17 13:35:39 --> Session: Class initialized using 'CodeIgniter\Session\Handlers\FileHandler' driver.
INFO - 2023-08-17 13:36:40 --> Session: Class initialized using 'CodeIgniter\Session\Handlers\FileHandler' driver.
INFO - 2023-08-17 13:37:05 --> Session: Class initialized using 'CodeIgniter\Session\Handlers\FileHandler' driver.
INFO - 2023-08-17 13:37:05 --> Session: Class initialized using 'CodeIgniter\Session\Handlers\FileHandler' driver.
INFO - 2023-08-17 15:18:17 --> Session: Class initialized using 'CodeIgniter\Session\Handlers\FileHandler' driver.
INFO - 2023-08-17 15:20:27 --> Session: Class initialized using 'CodeIgniter\Session\Handlers\FileHandler' driver.
CRITICAL - 2023-08-17 15:20:31 --> Trying to access array offset on value of type null
in APPPATH\Views\patient\modif.php on line 10.
 1 APPPATH\Views\patient\modif.php(10): CodeIgniter\Debug\Exceptions->errorHandler(2, 'Trying to access array offset on value of type null', 'C:\\xampp\\htdocs\\gestion_cabinet_medicale\\app\\Views\\patient\\modif.php', 10)
 2 SYSTEMPATH\View\View.php(224): include('C:\\xampp\\htdocs\\gestion_cabinet_medicale\\app\\Views\\patient\\modif.php')
 3 SYSTEMPATH\View\View.php(227): CodeIgniter\View\View->CodeIgniter\View\{closure}()
 4 SYSTEMPATH\Common.php(1180): CodeIgniter\View\View->render('patient/modif', [], true)
 5 APPPATH\Controllers\ControlleurPatient.php(41): view('patient/modif', [...])
 6 SYSTEMPATH\CodeIgniter.php(932): App\Controllers\ControlleurPatient->modifier('assets', 'css', 'bootstrap.min.css')
 7 SYSTEMPATH\CodeIgniter.php(497): CodeIgniter\CodeIgniter->runController(Object(App\Controllers\ControlleurPatient))
 8 SYSTEMPATH\CodeIgniter.php(366): CodeIgniter\CodeIgniter->handleRequest(null, Object(Config\Cache), false)
 9 FCPATH\index.php(67): CodeIgniter\CodeIgniter->run()
CRITICAL - 2023-08-17 15:23:30 --> Trying to access array offset on value of type null
in APPPATH\Views\patient\modif.php on line 10.
 1 APPPATH\Views\patient\modif.php(10): CodeIgniter\Debug\Exceptions->errorHandler(2, 'Trying to access array offset on value of type null', 'C:\\xampp\\htdocs\\gestion_cabinet_medicale\\app\\Views\\patient\\modif.php', 10)
 2 SYSTEMPATH\View\View.php(224): include('C:\\xampp\\htdocs\\gestion_cabinet_medicale\\app\\Views\\patient\\modif.php')
 3 SYSTEMPATH\View\View.php(227): CodeIgniter\View\View->CodeIgniter\View\{closure}()
 4 SYSTEMPATH\Common.php(1180): CodeIgniter\View\View->render('patient/modif', [], true)
 5 APPPATH\Controllers\ControlleurPatient.php(41): view('patient/modif', [...])
 6 SYSTEMPATH\CodeIgniter.php(932): App\Controllers\ControlleurPatient->modifier('assets', 'css', 'bootstrap.min.css')
 7 SYSTEMPATH\CodeIgniter.php(497): CodeIgniter\CodeIgniter->runController(Object(App\Controllers\ControlleurPatient))
 8 SYSTEMPATH\CodeIgniter.php(366): CodeIgniter\CodeIgniter->handleRequest(null, Object(Config\Cache), false)
 9 FCPATH\index.php(67): CodeIgniter\CodeIgniter->run()
ERROR - 2023-08-17 15:23:40 --> mysqli_sql_exception: Cannot add or update a child row: a foreign key constraint fails (`gestion_cabinet_medicale`.`patient`, CONSTRAINT `patient_ibfk_1` FOREIGN KEY (`id_compte`) REFERENCES `compte` (`id_compte`)) in C:\xampp\htdocs\gestion_cabinet_medicale\system\Database\MySQLi\Connection.php:295
Stack trace:
#0 C:\xampp\htdocs\gestion_cabinet_medicale\system\Database\MySQLi\Connection.php(295): mysqli->query('UPDATE `patient...', 0)
#1 C:\xampp\htdocs\gestion_cabinet_medicale\system\Database\BaseConnection.php(692): CodeIgniter\Database\MySQLi\Connection->execute('UPDATE `patient...')
#2 C:\xampp\htdocs\gestion_cabinet_medicale\system\Database\BaseConnection.php(606): CodeIgniter\Database\BaseConnection->simpleQuery('UPDATE `patient...')
#3 C:\xampp\htdocs\gestion_cabinet_medicale\system\Database\BaseBuilder.php(2476): CodeIgniter\Database\BaseConnection->query('UPDATE `patient...', Array, false)
#4 C:\xampp\htdocs\gestion_cabinet_medicale\system\Model.php(396): CodeIgniter\Database\BaseBuilder->update()
#5 C:\xampp\htdocs\gestion_cabinet_medicale\system\BaseModel.php(943): CodeIgniter\Model->doUpdate(Array, Array)
#6 C:\xampp\htdocs\gestion_cabinet_medicale\system\Model.php(756): CodeIgniter\BaseModel->update(Array, Array)
#7 C:\xampp\htdocs\gestion_cabinet_medicale\app\Controllers\ControlleurPatient.php(56): CodeIgniter\Model->update('P24356', Array)
#8 C:\xampp\htdocs\gestion_cabinet_medicale\system\CodeIgniter.php(932): App\Controllers\ControlleurPatient->update('P24356')
#9 C:\xampp\htdocs\gestion_cabinet_medicale\system\CodeIgniter.php(497): CodeIgniter\CodeIgniter->runController(Object(App\Controllers\ControlleurPatient))
#10 C:\xampp\htdocs\gestion_cabinet_medicale\system\CodeIgniter.php(366): CodeIgniter\CodeIgniter->handleRequest(NULL, Object(Config\Cache), false)
#11 C:\xampp\htdocs\gestion_cabinet_medicale\public\index.php(67): CodeIgniter\CodeIgniter->run()
#12 {main}
CRITICAL - 2023-08-17 15:23:40 --> Cannot add or update a child row: a foreign key constraint fails (`gestion_cabinet_medicale`.`patient`, CONSTRAINT `patient_ibfk_1` FOREIGN KEY (`id_compte`) REFERENCES `compte` (`id_compte`))
in SYSTEMPATH\Database\MySQLi\Connection.php on line 295.
 1 SYSTEMPATH\Database\MySQLi\Connection.php(295): mysqli->query('UPDATE `patient` SET `nom` = NULL, `prenom` = NULL, `date_naissance` = \'2019-08-07\', `telephone` = \'654365434\', `adresse` = NULL, `id_compte` = NULL, `sexe` = \'1\'
WHERE `patient`.`cin_patient` IN (\'P24356\')', 0)
 2 SYSTEMPATH\Database\BaseConnection.php(692): CodeIgniter\Database\MySQLi\Connection->execute('UPDATE `patient` SET `nom` = NULL, `prenom` = NULL, `date_naissance` = \'2019-08-07\', `telephone` = \'654365434\', `adresse` = NULL, `id_compte` = NULL, `sexe` = \'1\'
WHERE `patient`.`cin_patient` IN (\'P24356\')')
 3 SYSTEMPATH\Database\BaseConnection.php(606): CodeIgniter\Database\BaseConnection->simpleQuery('UPDATE `patient` SET `nom` = NULL, `prenom` = NULL, `date_naissance` = \'2019-08-07\', `telephone` = \'654365434\', `adresse` = NULL, `id_compte` = NULL, `sexe` = \'1\'
WHERE `patient`.`cin_patient` IN (\'P24356\')')
 4 SYSTEMPATH\Database\BaseBuilder.php(2476): CodeIgniter\Database\BaseConnection->query('UPDATE `patient` SET `nom` = :nom:, `prenom` = :prenom:, `date_naissance` = :date_naissance:, `telephone` = :telephone:, `adresse` = :adresse:, `id_compte` = :id_compte:, `sexe` = :sexe:
WHERE `patient`.`cin_patient` IN :patient.cin_patient:', [...], false)
 5 SYSTEMPATH\Model.php(396): CodeIgniter\Database\BaseBuilder->update()
 6 SYSTEMPATH\BaseModel.php(943): CodeIgniter\Model->doUpdate([...], [...])
 7 SYSTEMPATH\Model.php(756): CodeIgniter\BaseModel->update([...], [...])
 8 APPPATH\Controllers\ControlleurPatient.php(56): CodeIgniter\Model->update('P24356', [...])
 9 SYSTEMPATH\CodeIgniter.php(932): App\Controllers\ControlleurPatient->update('P24356')
10 SYSTEMPATH\CodeIgniter.php(497): CodeIgniter\CodeIgniter->runController(Object(App\Controllers\ControlleurPatient))
11 SYSTEMPATH\CodeIgniter.php(366): CodeIgniter\CodeIgniter->handleRequest(null, Object(Config\Cache), false)
12 FCPATH\index.php(67): CodeIgniter\CodeIgniter->run()
CRITICAL - 2023-08-17 16:19:56 --> Trying to access array offset on value of type null
in APPPATH\Views\patient\modif.php on line 10.
 1 APPPATH\Views\patient\modif.php(10): CodeIgniter\Debug\Exceptions->errorHandler(2, 'Trying to access array offset on value of type null', 'C:\\xampp\\htdocs\\gestion_cabinet_medicale\\app\\Views\\patient\\modif.php', 10)
 2 SYSTEMPATH\View\View.php(224): include('C:\\xampp\\htdocs\\gestion_cabinet_medicale\\app\\Views\\patient\\modif.php')
 3 SYSTEMPATH\View\View.php(227): CodeIgniter\View\View->CodeIgniter\View\{closure}()
 4 SYSTEMPATH\Common.php(1180): CodeIgniter\View\View->render('patient/modif', [], true)
 5 APPPATH\Controllers\ControlleurPatient.php(41): view('patient/modif', [...])
 6 SYSTEMPATH\CodeIgniter.php(932): App\Controllers\ControlleurPatient->modifier('assets', 'css', 'bootstrap.min.css')
 7 SYSTEMPATH\CodeIgniter.php(497): CodeIgniter\CodeIgniter->runController(Object(App\Controllers\ControlleurPatient))
 8 SYSTEMPATH\CodeIgniter.php(366): CodeIgniter\CodeIgniter->handleRequest(null, Object(Config\Cache), false)
 9 FCPATH\index.php(67): CodeIgniter\CodeIgniter->run()
INFO - 2023-08-17 16:34:15 --> Session: Class initialized using 'CodeIgniter\Session\Handlers\FileHandler' driver.
INFO - 2023-08-17 16:54:58 --> Session: Class initialized using 'CodeIgniter\Session\Handlers\FileHandler' driver.
INFO - 2023-08-17 16:54:59 --> Session: Class initialized using 'CodeIgniter\Session\Handlers\FileHandler' driver.
INFO - 2023-08-17 16:55:52 --> Session: Class initialized using 'CodeIgniter\Session\Handlers\FileHandler' driver.
INFO - 2023-08-17 16:55:53 --> Session: Class initialized using 'CodeIgniter\Session\Handlers\FileHandler' driver.
INFO - 2023-08-17 16:58:50 --> Session: Class initialized using 'CodeIgniter\Session\Handlers\FileHandler' driver.
INFO - 2023-08-17 16:58:50 --> Session: Class initialized using 'CodeIgniter\Session\Handlers\FileHandler' driver.
